This is pdfTeX, Version 3.1415926-2.5-1.40.14 (MiKTeX 2.9) (preloaded format=pdflatex 2015.5.11)  11 JUN 2015 10:58
entering extended mode
**template.tex
(D:\dev\java\src\LogoJJ\doc\template.tex
LaTeX2e <2011/06/27>
Babel <v3.8m> and hyphenation patterns for english, afrikaans, ancientgreek, ar
abic, armenian, assamese, basque, bengali, bokmal, bulgarian, catalan, coptic, 
croatian, czech, danish, dutch, esperanto, estonian, farsi, finnish, french, ga
lician, german, german-x-2013-05-26, greek, gujarati, hindi, hungarian, iceland
ic, indonesian, interlingua, irish, italian, kannada, kurmanji, latin, latvian,
 lithuanian, malayalam, marathi, mongolian, mongolianlmc, monogreek, ngerman, n
german-x-2013-05-26, nynorsk, oriya, panjabi, pinyin, polish, portuguese, roman
ian, russian, sanskrit, serbian, slovak, slovenian, spanish, swedish, swissgerm
an, tamil, telugu, turkish, turkmen, ukenglish, ukrainian, uppersorbian, usengl
ishmax, welsh, loaded.
("C:\Program Files (x86)\MiKTeX 2.9\tex\latex\koma-script\scrreprt.cls"
Document Class: scrreprt 2015/05/06 v3.17a KOMA-Script document class (report)
("C:\Program Files (x86)\MiKTeX 2.9\tex\latex\koma-script\scrkbase.sty"
Package: scrkbase 2015/05/06 v3.17a KOMA-Script package (KOMA-Script-dependent 
basics and keyval usage)

("C:\Program Files (x86)\MiKTeX 2.9\tex\latex\koma-script\scrbase.sty"
Package: scrbase 2015/05/06 v3.17a KOMA-Script package (KOMA-Script-independent
 basics and keyval usage)

("C:\Program Files (x86)\MiKTeX 2.9\tex\latex\graphics\keyval.sty"
Package: keyval 1999/03/16 v1.13 key=value parser (DPC)
\KV@toks@=\toks14
)
("C:\Program Files (x86)\MiKTeX 2.9\tex\latex\koma-script\scrlfile.sty"
Package: scrlfile 2015/05/06 v3.17a KOMA-Script package (loading files)

Package scrlfile, 2015/05/06 v3.17a KOMA-Script package (loading files)
                  Copyright (C) Markus Kohm

))) ("C:\Program Files (x86)\MiKTeX 2.9\tex\latex\koma-script\tocbasic.sty"
Package: tocbasic 2015/05/06 v3.17a KOMA-Script package (handling toc-files)
)
Package tocbasic Info: omitting babel extension for `toc'
(tocbasic)             because of feature `nobabel' available
(tocbasic)             for `toc' on input line 124.
Package tocbasic Info: omitting babel extension for `lof'
(tocbasic)             because of feature `nobabel' available
(tocbasic)             for `lof' on input line 125.
Package tocbasic Info: omitting babel extension for `lot'
(tocbasic)             because of feature `nobabel' available
(tocbasic)             for `lot' on input line 126.
Package tocbasic Info: defining new hook before heading of `' on input line 155
2.
Package scrreprt Info: You've used standard option `10pt'.
(scrreprt)             This is correct!
(scrreprt)             Internally I'm using `fontsize=10pt'.
(scrreprt)             If you'd like to set the option with \KOMAoptions,
(scrreprt)             you'd have to use `fontsize=10pt' there
(scrreprt)             instead of `10pt', too.
Class scrreprt Info: You've used standard option `openright'.
(scrreprt)           This is correct!
(scrreprt)           Internally I'm using `open=right'.
(scrreprt)           If you'd like to set the option with \KOMAoptions,
(scrreprt)           you'd have to use `open=right' there
(scrreprt)           instead of `openright', too.
Class scrreprt Info: You've used standard option `notitlepage'.
(scrreprt)           This is correct!
(scrreprt)           Internally I'm using `titlepage=false'.
(scrreprt)           If you'd like to set the option with \KOMAoptions,
(scrreprt)           you'd have to use `titlepage=false' there
(scrreprt)           instead of `notitlepage', too.
Class scrreprt Info: File `scrsize10pt.clo' used to setup font sizes on input l
ine 2149.

("C:\Program Files (x86)\MiKTeX 2.9\tex\latex\koma-script\scrsize10pt.clo"
File: scrsize10pt.clo 2015/05/06 v3.17a KOMA-Script font size class option (10p
t)
)
("C:\Program Files (x86)\MiKTeX 2.9\tex\latex\koma-script\typearea.sty"
Package: typearea 2015/05/06 v3.17a KOMA-Script package (type area)

Package typearea, 2015/05/06 v3.17a KOMA-Script package (type area)
                  Copyright (C) Frank Neukam, 1992-1994
                  Copyright (C) Markus Kohm, 1994-

\ta@bcor=\skip41
\ta@div=\count79
Package typearea Info: You've used standard option `a4paper'.
(typearea)             This is correct!
(typearea)             Internally I'm using `paper=a4'.
(typearea)             If you'd like to set the option with \KOMAoptions,
(typearea)             you'd have to use `paper=a4' there
(typearea)             instead of `a4paper', too.
\ta@hblk=\skip42
\ta@vblk=\skip43
\ta@temp=\skip44
\footheight=\skip45
Package typearea Info: These are the values describing the layout:
(typearea)             DIV  = 8
(typearea)             BCOR = 0.0pt
(typearea)             \paperwidth      = 597.50793pt
(typearea)              \textwidth      = 373.44246pt
(typearea)              DIV departure   = -4%
(typearea)              \evensidemargin = 77.107pt
(typearea)              \oddsidemargin  = 2.4185pt
(typearea)             \paperheight     = 845.04694pt
(typearea)              \textheight     = 538.0pt
(typearea)              \topmargin      = 0.36087pt
(typearea)              \headheight     = 15.0pt
(typearea)              \headsep        = 18.0pt
(typearea)              \topskip        = 10.0pt
(typearea)              \footskip       = 42.0pt
(typearea)              \baselineskip   = 12.0pt
(typearea)              on input line 1485.
)
\c@part=\count80
\c@chapter=\count81
\c@section=\count82
\c@subsection=\count83
\c@subsubsection=\count84
\c@paragraph=\count85
\c@subparagraph=\count86
\abovecaptionskip=\skip46
\belowcaptionskip=\skip47
\c@pti@nb@sid@b@x=\box26
\c@figure=\count87
\c@table=\count88
\bibindent=\dimen102
) ("C:\Program Files (x86)\MiKTeX 2.9\tex\latex\cmbright\cmbright.sty"
Package: cmbright 2005/04/13 v8.1 (WaS)
LaTeX Font Info:    Redeclaring symbol font `operators' on input line 29.
LaTeX Font Info:    Overwriting symbol font `operators' in version `normal'
(Font)                  OT1/cmr/m/n --> OT1/cmbr/m/n on input line 29.
LaTeX Font Info:    Overwriting symbol font `operators' in version `bold'
(Font)                  OT1/cmr/bx/n --> OT1/cmbr/m/n on input line 29.
LaTeX Font Info:    Redeclaring symbol font `letters' on input line 30.
LaTeX Font Info:    Overwriting symbol font `letters' in version `normal'
(Font)                  OML/cmm/m/it --> OML/cmbrm/m/it on input line 30.
LaTeX Font Info:    Overwriting symbol font `letters' in version `bold'
(Font)                  OML/cmm/b/it --> OML/cmbrm/m/it on input line 30.
LaTeX Font Info:    Overwriting symbol font `letters' in version `bold'
(Font)                  OML/cmbrm/m/it --> OML/cmbrm/b/it on input line 31.
LaTeX Font Info:    Redeclaring symbol font `symbols' on input line 32.
LaTeX Font Info:    Overwriting symbol font `symbols' in version `normal'
(Font)                  OMS/cmsy/m/n --> OMS/cmbrs/m/n on input line 32.
LaTeX Font Info:    Overwriting symbol font `symbols' in version `bold'
(Font)                  OMS/cmsy/b/n --> OMS/cmbrs/m/n on input line 32.
LaTeX Font Info:    Redeclaring math alphabet \mathit on input line 33.
LaTeX Font Info:    Overwriting math alphabet `\mathit' in version `normal'
(Font)                  OT1/cmr/m/it --> OT1/cmbr/m/sl on input line 33.
LaTeX Font Info:    Overwriting math alphabet `\mathit' in version `bold'
(Font)                  OT1/cmr/bx/it --> OT1/cmbr/m/sl on input line 33.
LaTeX Font Info:    Redeclaring math alphabet \mathbf on input line 34.
LaTeX Font Info:    Overwriting math alphabet `\mathbf' in version `normal'
(Font)                  OT1/cmr/bx/n --> OT1/cmbr/bx/n on input line 34.
LaTeX Font Info:    Overwriting math alphabet `\mathbf' in version `bold'
(Font)                  OT1/cmr/bx/n --> OT1/cmbr/bx/n on input line 34.
LaTeX Font Info:    Redeclaring math alphabet \mathtt on input line 35.
LaTeX Font Info:    Overwriting math alphabet `\mathtt' in version `normal'
(Font)                  OT1/cmtt/m/n --> OT1/cmtl/m/n on input line 35.
LaTeX Font Info:    Overwriting math alphabet `\mathtt' in version `bold'
(Font)                  OT1/cmtt/m/n --> OT1/cmtl/m/n on input line 35.
LaTeX Font Info:    Redeclaring math symbol \alpha on input line 37.
LaTeX Font Info:    Redeclaring math symbol \beta on input line 38.
LaTeX Font Info:    Redeclaring math symbol \gamma on input line 39.
LaTeX Font Info:    Redeclaring math symbol \delta on input line 40.
LaTeX Font Info:    Redeclaring math symbol \epsilon on input line 41.
LaTeX Font Info:    Redeclaring math symbol \zeta on input line 42.
LaTeX Font Info:    Redeclaring math symbol \eta on input line 43.
LaTeX Font Info:    Redeclaring math symbol \theta on input line 44.
LaTeX Font Info:    Redeclaring math symbol \iota on input line 45.
LaTeX Font Info:    Redeclaring math symbol \kappa on input line 46.
LaTeX Font Info:    Redeclaring math symbol \lambda on input line 47.
LaTeX Font Info:    Redeclaring math symbol \mu on input line 48.
LaTeX Font Info:    Redeclaring math symbol \nu on input line 49.
LaTeX Font Info:    Redeclaring math symbol \xi on input line 50.
LaTeX Font Info:    Redeclaring math symbol \pi on input line 51.
LaTeX Font Info:    Redeclaring math symbol \rho on input line 52.
LaTeX Font Info:    Redeclaring math symbol \sigma on input line 53.
LaTeX Font Info:    Redeclaring math symbol \tau on input line 54.
LaTeX Font Info:    Redeclaring math symbol \upsilon on input line 55.
LaTeX Font Info:    Redeclaring math symbol \phi on input line 56.
LaTeX Font Info:    Redeclaring math symbol \chi on input line 57.
LaTeX Font Info:    Redeclaring math symbol \psi on input line 58.
LaTeX Font Info:    Redeclaring math symbol \omega on input line 59.
LaTeX Font Info:    Redeclaring math symbol \varepsilon on input line 60.
LaTeX Font Info:    Redeclaring math symbol \vartheta on input line 61.
LaTeX Font Info:    Redeclaring math symbol \varpi on input line 62.
LaTeX Font Info:    Redeclaring math symbol \varrho on input line 63.
LaTeX Font Info:    Redeclaring math symbol \varsigma on input line 64.
LaTeX Font Info:    Redeclaring math symbol \varphi on input line 65.
LaTeX Info: Redefining \LaTeX on input line 129.
LaTeX Info: Redefining \LaTeXe on input line 139.
LaTeX Font Info:    Try loading font information for OT1+cmbr on input line 144
.

("C:\Program Files (x86)\MiKTeX 2.9\tex\latex\cmbright\ot1cmbr.fd"
File: ot1cmbr.fd 2005/04/13 v8.1 (WaS)
))
("C:\Program Files (x86)\MiKTeX 2.9\tex\generic\babel\babel.sty"
Package: babel 2008/07/08 v3.8m The Babel package

*************************************
* Local config file bblopts.cfg used
*
("C:\Program Files (x86)\MiKTeX 2.9\tex\latex\00miktex\bblopts.cfg"
File: bblopts.cfg 2006/07/31 v1.0 MiKTeX 'babel' configuration
)
("C:\Program Files (x86)\MiKTeX 2.9\tex\latex\babel-german\ngermanb.ldf"
Language: ngermanb 2013/12/13 v2.7 German support for babel (new orthography)

("C:\Program Files (x86)\MiKTeX 2.9\tex\generic\babel\babel.def"
File: babel.def 2008/07/08 v3.8m Babel common definitions
\babel@savecnt=\count89
\U@D=\dimen103
)
\l@naustrian = a dialect from \language\l@ngerman 
\l@nswissgerman = a dialect from \language\l@ngerman 
Package babel Info: Making " an active character on input line 88.
))
("C:\Program Files (x86)\MiKTeX 2.9\tex\latex\base\inputenc.sty"
Package: inputenc 2008/03/30 v1.1d Input encoding file
\inpenc@prehook=\toks15
\inpenc@posthook=\toks16

("C:\Program Files (x86)\MiKTeX 2.9\tex\latex\base\ansinew.def"
File: ansinew.def 2008/03/30 v1.1d Input encoding file
))
("C:\Program Files (x86)\MiKTeX 2.9\tex\latex\base\fontenc.sty"
Package: fontenc 2005/09/27 v1.99g Standard LaTeX package

("C:\Program Files (x86)\MiKTeX 2.9\tex\latex\base\t1enc.def"
File: t1enc.def 2005/09/27 v1.99g Standard LaTeX file
LaTeX Font Info:    Redeclaring font encoding T1 on input line 43.
)
LaTeX Font Info:    Try loading font information for T1+cmbr on input line 100.


("C:\Program Files (x86)\MiKTeX 2.9\tex\latex\cmbright\t1cmbr.fd"
File: t1cmbr.fd 2005/04/13 v8.1 (WaS)
))
("C:\Program Files (x86)\MiKTeX 2.9\tex\latex\base\textcomp.sty"
Package: textcomp 2005/09/27 v1.99g Standard LaTeX package
Package textcomp Info: Sub-encoding information:
(textcomp)               5 = only ISO-Adobe without \textcurrency
(textcomp)               4 = 5 + \texteuro
(textcomp)               3 = 4 + \textohm
(textcomp)               2 = 3 + \textestimated + \textcurrency
(textcomp)               1 = TS1 - \textcircled - \t
(textcomp)               0 = TS1 (full)
(textcomp)             Font families with sub-encoding setting implement
(textcomp)             only a restricted character set as indicated.
(textcomp)             Family '?' is the default used for unknown fonts.
(textcomp)             See the documentation for details.
Package textcomp Info: Setting ? sub-encoding to TS1/1 on input line 71.

("C:\Program Files (x86)\MiKTeX 2.9\tex\latex\base\ts1enc.def"
File: ts1enc.def 2001/06/05 v3.0e (jk/car/fm) Standard LaTeX file
)
LaTeX Info: Redefining \oldstylenums on input line 266.
Package textcomp Info: Setting cmr sub-encoding to TS1/0 on input line 281.
Package textcomp Info: Setting cmss sub-encoding to TS1/0 on input line 282.
Package textcomp Info: Setting cmtt sub-encoding to TS1/0 on input line 283.
Package textcomp Info: Setting cmvtt sub-encoding to TS1/0 on input line 284.
Package textcomp Info: Setting cmbr sub-encoding to TS1/0 on input line 285.
Package textcomp Info: Setting cmtl sub-encoding to TS1/0 on input line 286.
Package textcomp Info: Setting ccr sub-encoding to TS1/0 on input line 287.
Package textcomp Info: Setting ptm sub-encoding to TS1/4 on input line 288.
Package textcomp Info: Setting pcr sub-encoding to TS1/4 on input line 289.
Package textcomp Info: Setting phv sub-encoding to TS1/4 on input line 290.
Package textcomp Info: Setting ppl sub-encoding to TS1/3 on input line 291.
Package textcomp Info: Setting pag sub-encoding to TS1/4 on input line 292.
Package textcomp Info: Setting pbk sub-encoding to TS1/4 on input line 293.
Package textcomp Info: Setting pnc sub-encoding to TS1/4 on input line 294.
Package textcomp Info: Setting pzc sub-encoding to TS1/4 on input line 295.
Package textcomp Info: Setting bch sub-encoding to TS1/4 on input line 296.
Package textcomp Info: Setting put sub-encoding to TS1/5 on input line 297.
Package textcomp Info: Setting uag sub-encoding to TS1/5 on input line 298.
Package textcomp Info: Setting ugq sub-encoding to TS1/5 on input line 299.
Package textcomp Info: Setting ul8 sub-encoding to TS1/4 on input line 300.
Package textcomp Info: Setting ul9 sub-encoding to TS1/4 on input line 301.
Package textcomp Info: Setting augie sub-encoding to TS1/5 on input line 302.
Package textcomp Info: Setting dayrom sub-encoding to TS1/3 on input line 303.
Package textcomp Info: Setting dayroms sub-encoding to TS1/3 on input line 304.

Package textcomp Info: Setting pxr sub-encoding to TS1/0 on input line 305.
Package textcomp Info: Setting pxss sub-encoding to TS1/0 on input line 306.
Package textcomp Info: Setting pxtt sub-encoding to TS1/0 on input line 307.
Package textcomp Info: Setting txr sub-encoding to TS1/0 on input line 308.
Package textcomp Info: Setting txss sub-encoding to TS1/0 on input line 309.
Package textcomp Info: Setting txtt sub-encoding to TS1/0 on input line 310.
Package textcomp Info: Setting lmr sub-encoding to TS1/0 on input line 311.
Package textcomp Info: Setting lmdh sub-encoding to TS1/0 on input line 312.
Package textcomp Info: Setting lmss sub-encoding to TS1/0 on input line 313.
Package textcomp Info: Setting lmssq sub-encoding to TS1/0 on input line 314.
Package textcomp Info: Setting lmvtt sub-encoding to TS1/0 on input line 315.
Package textcomp Info: Setting qhv sub-encoding to TS1/0 on input line 316.
Package textcomp Info: Setting qag sub-encoding to TS1/0 on input line 317.
Package textcomp Info: Setting qbk sub-encoding to TS1/0 on input line 318.
Package textcomp Info: Setting qcr sub-encoding to TS1/0 on input line 319.
Package textcomp Info: Setting qcs sub-encoding to TS1/0 on input line 320.
Package textcomp Info: Setting qpl sub-encoding to TS1/0 on input line 321.
Package textcomp Info: Setting qtm sub-encoding to TS1/0 on input line 322.
Package textcomp Info: Setting qzc sub-encoding to TS1/0 on input line 323.
Package textcomp Info: Setting qhvc sub-encoding to TS1/0 on input line 324.
Package textcomp Info: Setting futs sub-encoding to TS1/4 on input line 325.
Package textcomp Info: Setting futx sub-encoding to TS1/4 on input line 326.
Package textcomp Info: Setting futj sub-encoding to TS1/4 on input line 327.
Package textcomp Info: Setting hlh sub-encoding to TS1/3 on input line 328.
Package textcomp Info: Setting hls sub-encoding to TS1/3 on input line 329.
Package textcomp Info: Setting hlst sub-encoding to TS1/3 on input line 330.
Package textcomp Info: Setting hlct sub-encoding to TS1/5 on input line 331.
Package textcomp Info: Setting hlx sub-encoding to TS1/5 on input line 332.
Package textcomp Info: Setting hlce sub-encoding to TS1/5 on input line 333.
Package textcomp Info: Setting hlcn sub-encoding to TS1/5 on input line 334.
Package textcomp Info: Setting hlcw sub-encoding to TS1/5 on input line 335.
Package textcomp Info: Setting hlcf sub-encoding to TS1/5 on input line 336.
Package textcomp Info: Setting pplx sub-encoding to TS1/3 on input line 337.
Package textcomp Info: Setting pplj sub-encoding to TS1/3 on input line 338.
Package textcomp Info: Setting ptmx sub-encoding to TS1/4 on input line 339.
Package textcomp Info: Setting ptmj sub-encoding to TS1/4 on input line 340.
)
("C:\Program Files (x86)\MiKTeX 2.9\tex\latex\ae\ae.sty"
Package: ae 2001/02/12 1.3 Almost European Computer Modern

("C:\Program Files (x86)\MiKTeX 2.9\tex\latex\base\fontenc.sty"
Package: fontenc 2005/09/27 v1.99g Standard LaTeX package

("C:\Program Files (x86)\MiKTeX 2.9\tex\latex\base\t1enc.def"
File: t1enc.def 2005/09/27 v1.99g Standard LaTeX file
LaTeX Font Info:    Redeclaring font encoding T1 on input line 43.
)
LaTeX Font Info:    Try loading font information for T1+aer on input line 100.

("C:\Program Files (x86)\MiKTeX 2.9\tex\latex\ae\t1aer.fd"
File: t1aer.fd 1997/11/16 Font definitions for T1/aer.
)))

Class scrreprt Warning: Usage of package `fancyhdr' together
(scrreprt)              with a KOMA-Script class is not recommended.
(scrreprt)              I'd suggest to use 
(scrreprt)              package `scrlayer-scrpage'.
(scrreprt)              Nevertheless, using requested
(scrreprt)              package `fancyhdr' on input line 38.

("C:\Program Files (x86)\MiKTeX 2.9\tex\latex\fancyhdr\fancyhdr.sty"
\fancy@headwidth=\skip48
\f@ncyO@elh=\skip49
\f@ncyO@erh=\skip50
\f@ncyO@olh=\skip51
\f@ncyO@orh=\skip52
\f@ncyO@elf=\skip53
\f@ncyO@erf=\skip54
\f@ncyO@olf=\skip55
\f@ncyO@orf=\skip56
)
("C:\Program Files (x86)\MiKTeX 2.9\tex\latex\etoolbox\etoolbox.sty"
Package: etoolbox 2015/05/04 v2.2 e-TeX tools for LaTeX (JAW)

("C:\Program Files (x86)\MiKTeX 2.9\tex\latex\misc\etex.sty"
Package: etex 1998/03/26 v2.0 eTeX basic definition package (PEB)
\et@xins=\count90
)
\etb@tempcnta=\count91
)
("C:\Program Files (x86)\MiKTeX 2.9\tex\latex\graphics\graphicx.sty"
Package: graphicx 1999/02/16 v1.0f Enhanced LaTeX Graphics (DPC,SPQR)

("C:\Program Files (x86)\MiKTeX 2.9\tex\latex\graphics\graphics.sty"
Package: graphics 2009/02/05 v1.0o Standard LaTeX Graphics (DPC,SPQR)

("C:\Program Files (x86)\MiKTeX 2.9\tex\latex\graphics\trig.sty"
Package: trig 1999/03/16 v1.09 sin cos tan (DPC)
)
("C:\Program Files (x86)\MiKTeX 2.9\tex\latex\00miktex\graphics.cfg"
File: graphics.cfg 2007/01/18 v1.5 graphics configuration of teTeX/TeXLive
)
Package graphics Info: Driver file: pdftex.def on input line 91.

("C:\Program Files (x86)\MiKTeX 2.9\tex\latex\pdftex-def\pdftex.def"
File: pdftex.def 2011/05/27 v0.06d Graphics/color for pdfTeX

("C:\Program Files (x86)\MiKTeX 2.9\tex\generic\oberdiek\infwarerr.sty"
Package: infwarerr 2010/04/08 v1.3 Providing info/warning/error messages (HO)
)
("C:\Program Files (x86)\MiKTeX 2.9\tex\generic\oberdiek\ltxcmds.sty"
Package: ltxcmds 2011/11/09 v1.22 LaTeX kernel commands for general use (HO)
)
\Gread@gobject=\count92
))
\Gin@req@height=\dimen104
\Gin@req@width=\dimen105
)
("C:\Program Files (x86)\MiKTeX 2.9\tex\latex\float\float.sty"
Package: float 2001/11/08 v1.3d Float enhancements (AL)
\c@float@type=\count93
\float@exts=\toks17
\float@box=\box27
\@float@everytoks=\toks18
\@floatcapt=\box28
)
("C:\Program Files (x86)\MiKTeX 2.9\tex\latex\caption\caption.sty"
Package: caption 2013/05/02 v3.3-89 Customizing captions (AR)

("C:\Program Files (x86)\MiKTeX 2.9\tex\latex\caption\caption3.sty"
Package: caption3 2013/05/02 v1.6-88 caption3 kernel (AR)
Package caption3 Info: TeX engine: e-TeX on input line 57.
\captionmargin=\dimen106
\captionmargin@=\dimen107
\captionwidth=\dimen108
\caption@tempdima=\dimen109
\caption@indent=\dimen110
\caption@parindent=\dimen111
\caption@hangindent=\dimen112
)
Package caption Info: KOMA-Script document class.
\c@ContinuedFloat=\count94
Package caption Info: float package is loaded.
)
("C:\Program Files (x86)\MiKTeX 2.9\tex\latex\booktabs\booktabs.sty"
Package: booktabs 2005/04/14 v1.61803 publication quality tables
\heavyrulewidth=\dimen113
\lightrulewidth=\dimen114
\cmidrulewidth=\dimen115
\belowrulesep=\dimen116
\belowbottomsep=\dimen117
\aboverulesep=\dimen118
\abovetopsep=\dimen119
\cmidrulesep=\dimen120
\cmidrulekern=\dimen121
\defaultaddspace=\dimen122
\@cmidla=\count95
\@cmidlb=\count96
\@aboverulesep=\dimen123
\@belowrulesep=\dimen124
\@thisruleclass=\count97
\@lastruleclass=\count98
\@thisrulewidth=\dimen125
)
("C:\Program Files (x86)\MiKTeX 2.9\tex\latex\tocvsec2\tocvsec2.sty"
Package: tocvsec2 2014/03/10 v1.3a variable ToC section entries

("C:\Program Files (x86)\MiKTeX 2.9\tex\latex\base\ifthen.sty"
Package: ifthen 2001/05/26 v1.1c Standard LaTeX ifthen package (DPC)
)
\c@max@tocdepth=\count99
\c@max@secnumdepth=\count100
)
("C:\Program Files (x86)\MiKTeX 2.9\tex\latex\amsmath\amsmath.sty"
Package: amsmath 2013/01/14 v2.14 AMS math features
\@mathmargin=\skip57

For additional information on amsmath, use the `?' option.
("C:\Program Files (x86)\MiKTeX 2.9\tex\latex\amsmath\amstext.sty"
Package: amstext 2000/06/29 v2.01

("C:\Program Files (x86)\MiKTeX 2.9\tex\latex\amsmath\amsgen.sty"
File: amsgen.sty 1999/11/30 v2.0
\@emptytoks=\toks19
\ex@=\dimen126
))
("C:\Program Files (x86)\MiKTeX 2.9\tex\latex\amsmath\amsbsy.sty"
Package: amsbsy 1999/11/29 v1.2d
\pmbraise@=\dimen127
)
("C:\Program Files (x86)\MiKTeX 2.9\tex\latex\amsmath\amsopn.sty"
Package: amsopn 1999/12/14 v2.01 operator names
)
\inf@bad=\count101
LaTeX Info: Redefining \frac on input line 210.
\uproot@=\count102
\leftroot@=\count103
LaTeX Info: Redefining \overline on input line 306.
\classnum@=\count104
\DOTSCASE@=\count105
LaTeX Info: Redefining \ldots on input line 378.
LaTeX Info: Redefining \dots on input line 381.
LaTeX Info: Redefining \cdots on input line 466.
\Mathstrutbox@=\box29
\strutbox@=\box30
\big@size=\dimen128
LaTeX Font Info:    Redeclaring font encoding OML on input line 566.
LaTeX Font Info:    Redeclaring font encoding OMS on input line 567.
\macc@depth=\count106
\c@MaxMatrixCols=\count107
\dotsspace@=\muskip10
\c@parentequation=\count108
\dspbrk@lvl=\count109
\tag@help=\toks20
\row@=\count110
\column@=\count111
\maxfields@=\count112
\andhelp@=\toks21
\eqnshift@=\dimen129
\alignsep@=\dimen130
\tagshift@=\dimen131
\tagwidth@=\dimen132
\totwidth@=\dimen133
\lineht@=\dimen134
\@envbody=\toks22
\multlinegap=\skip58
\multlinetaggap=\skip59
\mathdisplay@stack=\toks23
LaTeX Info: Redefining \[ on input line 2665.
LaTeX Info: Redefining \] on input line 2666.
)
("C:\Program Files (x86)\MiKTeX 2.9\tex\latex\amscls\amsthm.sty"
Package: amsthm 2004/08/06 v2.20
\thm@style=\toks24
\thm@bodyfont=\toks25
\thm@headfont=\toks26
\thm@notefont=\toks27
\thm@headpunct=\toks28
\thm@preskip=\skip60
\thm@postskip=\skip61
\thm@headsep=\skip62
\dth@everypar=\toks29
)
("C:\Program Files (x86)\MiKTeX 2.9\tex\latex\amsfonts\amsfonts.sty"
Package: amsfonts 2013/01/14 v3.01 Basic AMSFonts support
\symAMSa=\mathgroup4
\symAMSb=\mathgroup5
LaTeX Font Info:    Overwriting math alphabet `\mathfrak' in version `bold'
(Font)                  U/euf/m/n --> U/euf/b/n on input line 106.
)
("C:\Program Files (x86)\MiKTeX 2.9\tex\latex\amsfonts\amssymb.sty"
Package: amssymb 2013/01/14 v3.01 AMS font symbols
)
("C:\Program Files (x86)\MiKTeX 2.9\tex\latex\base\exscale.sty"
Package: exscale 2007/10/29 v2.1h Standard LaTeX package exscale
LaTeX Font Info:    Redeclaring symbol font `largesymbols' on input line 52.
LaTeX Font Info:    Overwriting symbol font `largesymbols' in version `normal'
(Font)                  OMX/cmex/m/n --> OMX/cmex/m/n on input line 52.
LaTeX Font Info:    Overwriting symbol font `largesymbols' in version `bold'
(Font)                  OMX/cmex/m/n --> OMX/cmex/m/n on input line 52.
\big@size=\dimen135
)
("C:\Program Files (x86)\MiKTeX 2.9\tex\latex\textpos\textpos.sty"
Package: textpos 2014/01/03 v1.7j

Package: textpos 2014/01/03 1.7j, absolute positioning of text on the page
("C:\Program Files (x86)\MiKTeX 2.9\tex\latex\ms\everyshi.sty"
Package: everyshi 2001/05/15 v3.00 EveryShipout Package (MS)
)
\TP@textbox=\box31
\TP@holdbox=\box32
\TPHorizModule=\dimen136
\TPVertModule=\dimen137
\TP@margin=\dimen138
\TP@absmargin=\dimen139

Grid set 16 x 16 = 37.34424pt x 52.81543pt
\TPboxrulesize=\dimen140
\TP@ox=\dimen141
\TP@oy=\dimen142
\TP@tbargs=\toks30
\TP@prevdepth=\dimen143
TextBlockOrigin set to 0pt x 0pt
) ("C:\Program Files (x86)\MiKTeX 2.9\tex\latex\graphics\color.sty"
Package: color 2005/11/14 v1.0j Standard LaTeX Color (DPC)

("C:\Program Files (x86)\MiKTeX 2.9\tex\latex\00miktex\color.cfg"
File: color.cfg 2007/01/18 v1.5 color configuration of teTeX/TeXLive
)
Package color Info: Driver file: pdftex.def on input line 130.
)
("C:\Program Files (x86)\MiKTeX 2.9\tex\latex\hyperref\hyperref.sty"
Package: hyperref 2012/11/06 v6.83m Hypertext links for LaTeX

("C:\Program Files (x86)\MiKTeX 2.9\tex\generic\oberdiek\hobsub-hyperref.sty"
Package: hobsub-hyperref 2012/04/25 v1.12 Bundle oberdiek, subset hyperref (HO)


("C:\Program Files (x86)\MiKTeX 2.9\tex\generic\oberdiek\hobsub-generic.sty"
Package: hobsub-generic 2012/04/25 v1.12 Bundle oberdiek, subset generic (HO)
Package: hobsub 2012/04/25 v1.12 Construct package bundles (HO)
Package hobsub Info: Skipping package `infwarerr' (already loaded).
Package hobsub Info: Skipping package `ltxcmds' (already loaded).
Package: ifluatex 2010/03/01 v1.3 Provides the ifluatex switch (HO)
Package ifluatex Info: LuaTeX not detected.
Package: ifvtex 2010/03/01 v1.5 Detect VTeX and its facilities (HO)
Package ifvtex Info: VTeX not detected.
Package: intcalc 2007/09/27 v1.1 Expandable calculations with integers (HO)
Package: ifpdf 2011/01/30 v2.3 Provides the ifpdf switch (HO)
Package ifpdf Info: pdfTeX in PDF mode is detected.
Package: etexcmds 2011/02/16 v1.5 Avoid name clashes with e-TeX commands (HO)
Package etexcmds Info: Could not find \expanded.
(etexcmds)             That can mean that you are not using pdfTeX 1.50 or
(etexcmds)             that some package has redefined \expanded.
(etexcmds)             In the latter case, load this package earlier.
Package: kvsetkeys 2012/04/25 v1.16 Key value parser (HO)
Package: kvdefinekeys 2011/04/07 v1.3 Define keys (HO)
Package: pdftexcmds 2011/11/29 v0.20 Utility functions of pdfTeX for LuaTeX (HO
)
Package pdftexcmds Info: LuaTeX not detected.
Package pdftexcmds Info: \pdf@primitive is available.
Package pdftexcmds Info: \pdf@ifprimitive is available.
Package pdftexcmds Info: \pdfdraftmode found.
Package: pdfescape 2011/11/25 v1.13 Implements pdfTeX's escape features (HO)
Package: bigintcalc 2012/04/08 v1.3 Expandable calculations on big integers (HO
)
Package: bitset 2011/01/30 v1.1 Handle bit-vector datatype (HO)
Package: uniquecounter 2011/01/30 v1.2 Provide unlimited unique counter (HO)
)
Package hobsub Info: Skipping package `hobsub' (already loaded).
Package: letltxmacro 2010/09/02 v1.4 Let assignment for LaTeX macros (HO)
Package: hopatch 2011/06/24 v1.1 Wrapper for package hooks (HO)
Package: xcolor-patch 2011/01/30 xcolor patch
Package: atveryend 2011/06/30 v1.8 Hooks at the very end of document (HO)
Package: atbegshi 2011/10/05 v1.16 At begin shipout hook (HO)
Package: refcount 2011/10/16 v3.4 Data extraction from label references (HO)
Package: hycolor 2011/01/30 v1.7 Color options for hyperref/bookmark (HO)
)
("C:\Program Files (x86)\MiKTeX 2.9\tex\generic\ifxetex\ifxetex.sty"
Package: ifxetex 2010/09/12 v0.6 Provides ifxetex conditional
)
("C:\Program Files (x86)\MiKTeX 2.9\tex\latex\oberdiek\auxhook.sty"
Package: auxhook 2011/03/04 v1.3 Hooks for auxiliary files (HO)
)
("C:\Program Files (x86)\MiKTeX 2.9\tex\latex\oberdiek\kvoptions.sty"
Package: kvoptions 2011/06/30 v3.11 Key value format for package options (HO)
)
\@linkdim=\dimen144
\Hy@linkcounter=\count113
\Hy@pagecounter=\count114

("C:\Program Files (x86)\MiKTeX 2.9\tex\latex\hyperref\pd1enc.def"
File: pd1enc.def 2012/11/06 v6.83m Hyperref: PDFDocEncoding definition (HO)
)
\Hy@SavedSpaceFactor=\count115

("C:\Program Files (x86)\MiKTeX 2.9\tex\latex\00miktex\hyperref.cfg"
File: hyperref.cfg 2002/06/06 v1.2 hyperref configuration of TeXLive
)
Package hyperref Info: Option `bookmarks' set `true' on input line 4319.
Package hyperref Info: Option `plainpages' set `false' on input line 4319.
Package hyperref Info: Option `pdfpagelabels' set `true' on input line 4319.
Package hyperref Info: Option `colorlinks' set `true' on input line 4319.
Package hyperref Info: Option `hypertexnames' set `true' on input line 4319.
Package hyperref Info: Option `bookmarksopen' set `true' on input line 4319.
Package hyperref Info: Hyper figures OFF on input line 4443.
Package hyperref Info: Link nesting OFF on input line 4448.
Package hyperref Info: Hyper index ON on input line 4451.
Package hyperref Info: Plain pages OFF on input line 4458.
Package hyperref Info: Backreferencing OFF on input line 4463.
Package hyperref Info: Implicit mode ON; LaTeX internals redefined.
Package hyperref Info: Bookmarks ON on input line 4688.
\c@Hy@tempcnt=\count116

("C:\Program Files (x86)\MiKTeX 2.9\tex\latex\url\url.sty"
\Urlmuskip=\muskip11
Package: url 2013/09/16  ver 3.4  Verb mode for urls, etc.
)
LaTeX Info: Redefining \url on input line 5041.
\XeTeXLinkMargin=\dimen145
\Fld@menulength=\count117
\Field@Width=\dimen146
\Fld@charsize=\dimen147
Package hyperref Info: Hyper figures OFF on input line 6295.
Package hyperref Info: Link nesting OFF on input line 6300.
Package hyperref Info: Hyper index ON on input line 6303.
Package hyperref Info: backreferencing OFF on input line 6310.
Package hyperref Info: Link coloring ON on input line 6313.
Package hyperref Info: Link coloring with OCG OFF on input line 6320.
Package hyperref Info: PDF/A mode OFF on input line 6325.
LaTeX Info: Redefining \ref on input line 6365.
LaTeX Info: Redefining \pageref on input line 6369.
\Hy@abspage=\count118
\c@Item=\count119
\c@Hfootnote=\count120
)

Package hyperref Message: Driver: hpdftex.

("C:\Program Files (x86)\MiKTeX 2.9\tex\latex\hyperref\hpdftex.def"
File: hpdftex.def 2012/11/06 v6.83m Hyperref driver for pdfTeX
\Fld@listcount=\count121
\c@bookmark@seq@number=\count122

("C:\Program Files (x86)\MiKTeX 2.9\tex\latex\oberdiek\rerunfilecheck.sty"
Package: rerunfilecheck 2011/04/15 v1.7 Rerun checks for auxiliary files (HO)
Package uniquecounter Info: New unique counter `rerunfilecheck' on input line 2
82.
)
\Hy@SectionHShift=\skip63
)
("C:\Program Files (x86)\MiKTeX 2.9\tex\latex\geometry\geometry.sty"
Package: geometry 2010/09/12 v5.6 Page Geometry
\Gm@cnth=\count123
\Gm@cntv=\count124
\c@Gm@tempcnt=\count125
\Gm@bindingoffset=\dimen148
\Gm@wd@mp=\dimen149
\Gm@odd@mp=\dimen150
\Gm@even@mp=\dimen151
\Gm@layoutwidth=\dimen152
\Gm@layoutheight=\dimen153
\Gm@layouthoffset=\dimen154
\Gm@layoutvoffset=\dimen155
\Gm@dimlist=\toks31

("C:\Program Files (x86)\MiKTeX 2.9\tex\latex\geometry\geometry.cfg"))
("C:\Program Files (x86)\MiKTeX 2.9\tex\latex\base\makeidx.sty"
Package: makeidx 2000/03/29 v1.0m Standard LaTeX package
)
\@indexfile=\write3

Writing index file template.idx
("C:\Program Files (x86)\MiKTeX 2.9\tex\latex\glossaries\base\glossaries.sty"
Package: glossaries 2015/03/16 v4.15 (NLCT)

("C:\Program Files (x86)\MiKTeX 2.9\tex\latex\xkeyval\xkeyval.sty"
Package: xkeyval 2012/10/14 v2.6b package option processing (HA)

("C:\Program Files (x86)\MiKTeX 2.9\tex\generic\xkeyval\xkeyval.tex"
\XKV@toks=\toks32
\XKV@tempa@toks=\toks33
\XKV@depth=\count126
File: xkeyval.tex 2012/10/14 v2.6b key=value parser (HA)
))
("C:\Program Files (x86)\MiKTeX 2.9\tex\latex\glossaries\base\mfirstuc.sty"
Package: mfirstuc 2015/02/03 v1.10 (NLCT)
\@glsmfirst=\toks34
\@glsmrest=\toks35
)
("C:\Program Files (x86)\MiKTeX 2.9\tex\latex\textcase\textcase.sty"
Package: textcase 2004/10/07 v0.07 Text only upper/lower case changing (DPC)
)
("C:\Program Files (x86)\MiKTeX 2.9\tex\latex\xfor\xfor.sty"
Package: xfor 2009/02/05 v1.05 (NLCT)
)
("C:\Program Files (x86)\MiKTeX 2.9\tex\latex\datatool\datatool-base.sty"
Package: datatool-base 2014/06/10 v2.22 (NLCT)

("C:\Program Files (x86)\MiKTeX 2.9\tex\latex\substr\substr.sty"
Package: substr 2009/10/20 v1.2 Handle substrings
\c@su@anzahl=\count127
)
("C:\Program Files (x86)\MiKTeX 2.9\tex\latex\datatool\datatool-fp.sty"
Package: datatool-fp 2013/08/29 v2.17 (NLCT)

("C:\Program Files (x86)\MiKTeX 2.9\tex\latex\fp\fp.sty"
Package: fp 1995/04/02

`Fixed Point Package', Version 0.8, April 2, 1995 (C) Michael Mehlich
("C:\Program Files (x86)\MiKTeX 2.9\tex\latex\fp\defpattern.sty"
Package: defpattern 1994/10/12
\actioncount=\count128
)
("C:\Program Files (x86)\MiKTeX 2.9\tex\latex\fp\fp-basic.sty"
Package: fp-basic 1996/05/13
\FP@xs=\count129
\FP@xia=\count130
\FP@xib=\count131
\FP@xfa=\count132
\FP@xfb=\count133
\FP@rega=\count134
\FP@regb=\count135
\FP@regs=\count136
\FP@times=\count137
)
("C:\Program Files (x86)\MiKTeX 2.9\tex\latex\fp\fp-addons.sty"
Package: fp-addons 1995/03/15
)
("C:\Program Files (x86)\MiKTeX 2.9\tex\latex\fp\fp-snap.sty"
Package: fp-snap 1995/04/05
)
("C:\Program Files (x86)\MiKTeX 2.9\tex\latex\fp\fp-exp.sty"
Package: fp-exp 1995/04/03
)
("C:\Program Files (x86)\MiKTeX 2.9\tex\latex\fp\fp-trigo.sty"
Package: fp-trigo 1995/04/14
)
("C:\Program Files (x86)\MiKTeX 2.9\tex\latex\fp\fp-pas.sty"
Package: fp-pas 1994/08/29
)
("C:\Program Files (x86)\MiKTeX 2.9\tex\latex\fp\fp-random.sty"
Package: fp-random 1995/02/23
\FPseed=\count138
)
("C:\Program Files (x86)\MiKTeX 2.9\tex\latex\fp\fp-eqn.sty"
Package: fp-eqn 1995/04/03
)
("C:\Program Files (x86)\MiKTeX 2.9\tex\latex\fp\fp-upn.sty"
Package: fp-upn 1996/10/21
)
("C:\Program Files (x86)\MiKTeX 2.9\tex\latex\fp\fp-eval.sty"
Package: fp-eval 1995/04/03
)))
\@dtl@toks=\toks36
\@dtl@tmpcount=\count139
\dtl@tmplength=\skip64
\dtl@sortresult=\count140
\@dtl@numgrpsepcount=\count141
\@dtl@datatype=\count142
\dtl@codeA=\count143
\dtl@codeB=\count144
\@dtl@foreach@level=\count145
)
("C:\Program Files (x86)\MiKTeX 2.9\tex\latex\glossaries\base\glossaries-compat
ible-307.sty"
Package: glossaries-compatible-307 2013/11/14 v4.0 (NLCT)
)
("C:\Program Files (x86)\MiKTeX 2.9\tex\latex\tracklang\tracklang.sty"
Package: tracklang 2015/03/23 v1.2 (NLCT) Track Languages

("C:\Program Files (x86)\MiKTeX 2.9\tex\generic\tracklang\tracklang.tex")
Package tracklang Info: babel loaded but \bb@loaded not defined. Will attempt t
o track known languages. on input line 175.
)
("C:\Program Files (x86)\MiKTeX 2.9\tex\latex\beamer\base\translator\translator
.sty"
Package: translator 2010/06/12 ver 1.10

("C:\Program Files (x86)\MiKTeX 2.9\tex\latex\beamer\base\translator\translator
-language-mappings.tex"))
("C:\Program Files (x86)\MiKTeX 2.9\tex\latex\glossaries-german\glossaries-germ
an.ldf"
File: glossaries-german.ldf 2014/11/23 v1.0
)
\gls@level=\count146
\@gls@tmpb=\toks37
\gls@tmplen=\skip65
\glskeylisttok=\toks38
\glslabeltok=\toks39
\glsshorttok=\toks40
\glslongtok=\toks41

("C:\Program Files (x86)\MiKTeX 2.9\tex\latex\glossaries\styles\glossary-hypern
av.sty"
Package: glossary-hypernav 2013/11/14 v4.0 (NLCT)
)
("C:\Program Files (x86)\MiKTeX 2.9\tex\latex\glossaries\styles\glossary-list.s
ty"
Package: glossary-list 2015/02/03 v4.13 (NLCT)
\glslistdottedwidth=\skip66
)
("C:\Program Files (x86)\MiKTeX 2.9\tex\latex\glossaries\styles\glossary-long.s
ty"
Package: glossary-long 2013/11/14 v4.0 (NLCT)
 ("C:\Program Files (x86)\MiKTeX 2.9\tex\latex\tools\longtable.sty"
Package: longtable 2004/02/01 v4.11 Multi-page Table package (DPC)
\LTleft=\skip67
\LTright=\skip68
\LTpre=\skip69
\LTpost=\skip70
\LTchunksize=\count147
\LTcapwidth=\dimen156
\LT@head=\box33
\LT@firsthead=\box34
\LT@foot=\box35
\LT@lastfoot=\box36
\LT@cols=\count148
\LT@rows=\count149
\c@LT@tables=\count150
\c@LT@chunks=\count151
\LT@p@ftn=\toks42
)
Class scrreprt Info: longtable captions redefined on input line 43.
\glsdescwidth=\skip71
\glspagelistwidth=\skip72
)
("C:\Program Files (x86)\MiKTeX 2.9\tex\latex\glossaries\styles\glossary-super.
sty"
Package: glossary-super 2013/11/14 v4.0 (NLCT)
 ("C:\Program Files (x86)\MiKTeX 2.9\tex\latex\supertabular\supertabular.sty"
Package: supertabular 2004/02/20 v4.1e the supertabular environment
\c@tracingst=\count152
\ST@wd=\dimen157
\ST@rightskip=\skip73
\ST@leftskip=\skip74
\ST@parfillskip=\skip75
\ST@pageleft=\dimen158
\ST@headht=\dimen159
\ST@tailht=\dimen160
\ST@pagesofar=\dimen161
\ST@pboxht=\dimen162
\ST@lineht=\dimen163
\ST@stretchht=\dimen164
\ST@prevht=\dimen165
\ST@toadd=\dimen166
\ST@dimen=\dimen167
\ST@pbox=\box37
))
("C:\Program Files (x86)\MiKTeX 2.9\tex\latex\glossaries\styles\glossary-tree.s
ty"
Package: glossary-tree 2015/02/03 v4.13 (NLCT)
\glstreeindent=\skip76
))
\glswrite=\write4
\glo@main@file=\write5
Package glossaries Info: Writing glossary file template.glo on input line 124.

\@input{datenbanken/glossar.aux}
(D:\dev\java\src\LogoJJ\doc\datenbanken/glossar.tex)
(D:\dev\java\src\LogoJJ\doc\template.aux
(D:\dev\java\src\LogoJJ\doc\vorspann/titelseite_mit_bild.aux)
(D:\dev\java\src\LogoJJ\doc\kapitel/introduction.aux)
(D:\dev\java\src\LogoJJ\doc\kapitel/implementation.aux)
(D:\dev\java\src\LogoJJ\doc\kapitel/conclusion.aux))
LaTeX Font Info:    Checking defaults for OML/cmm/m/it on input line 130.
LaTeX Font Info:    ... okay on input line 130.
LaTeX Font Info:    Checking defaults for T1/cmr/m/n on input line 130.
LaTeX Font Info:    ... okay on input line 130.
LaTeX Font Info:    Checking defaults for OT1/cmr/m/n on input line 130.
LaTeX Font Info:    ... okay on input line 130.
LaTeX Font Info:    Checking defaults for OMS/cmsy/m/n on input line 130.
LaTeX Font Info:    ... okay on input line 130.
LaTeX Font Info:    Checking defaults for OMX/cmex/m/n on input line 130.
LaTeX Font Info:    ... okay on input line 130.
LaTeX Font Info:    Checking defaults for U/cmr/m/n on input line 130.
LaTeX Font Info:    ... okay on input line 130.
LaTeX Font Info:    Checking defaults for TS1/cmr/m/n on input line 130.
LaTeX Font Info:    Try loading font information for TS1+cmr on input line 130.


("C:\Program Files (x86)\MiKTeX 2.9\tex\latex\base\ts1cmr.fd"
File: ts1cmr.fd 1999/05/25 v2.5h Standard LaTeX font definitions
)
LaTeX Font Info:    ... okay on input line 130.
LaTeX Font Info:    Checking defaults for PD1/pdf/m/n on input line 130.
LaTeX Font Info:    ... okay on input line 130.
LaTeX Font Info:    Try loading font information for T1+aess on input line 130.


("C:\Program Files (x86)\MiKTeX 2.9\tex\latex\ae\t1aess.fd"
File: t1aess.fd 1997/11/16 Font definitions for T1/aess.
)
("C:\Program Files (x86)\MiKTeX 2.9\tex\context\base\supp-pdf.mkii"
[Loading MPS to PDF converter (version 2006.09.02).]
\scratchcounter=\count153
\scratchdimen=\dimen168
\scratchbox=\box38
\nofMPsegments=\count154
\nofMParguments=\count155
\everyMPshowfont=\toks43
\MPscratchCnt=\count156
\MPscratchDim=\dimen169
\MPnumerator=\count157
\makeMPintoPDFobject=\count158
\everyMPtoPDFconversion=\toks44
)
Package caption Info: Begin \AtBeginDocument code.
Package caption Info: hyperref package is loaded.
Package caption Info: longtable package is loaded.
 ("C:\Program Files (x86)\MiKTeX 2.9\tex\latex\caption\ltcaption.sty"
Package: ltcaption 2013/02/03 v1.3-62 longtable captions (AR)
)
Package caption Info: supertabular package is loaded.
Package caption Info: End \AtBeginDocument code.

ABD: EveryShipout initializing macros
\AtBeginShipoutBox=\box39
Package hyperref Info: Link coloring ON on input line 130.

("C:\Program Files (x86)\MiKTeX 2.9\tex\latex\hyperref\nameref.sty"
Package: nameref 2012/10/27 v2.43 Cross-referencing by name of section

("C:\Program Files (x86)\MiKTeX 2.9\tex\generic\oberdiek\gettitlestring.sty"
Package: gettitlestring 2010/12/03 v1.4 Cleanup title references (HO)
)
\c@section@level=\count159
)
LaTeX Info: Redefining \ref on input line 130.
LaTeX Info: Redefining \pageref on input line 130.
LaTeX Info: Redefining \nameref on input line 130.

(D:\dev\java\src\LogoJJ\doc\template.out)
(D:\dev\java\src\LogoJJ\doc\template.out)
\@outlinefile=\write6

*geometry* driver: auto-detecting
*geometry* detected driver: pdftex
*geometry* verbose mode - [ preamble ] result:
* driver: pdftex
* paper: a4paper
* layout: <same size as paper>
* layoutoffset:(h,v)=(0.0pt,0.0pt)
* modes: twoside 
* h-part:(L,W,R)=(79.66771pt, 475.16104pt, 42.67912pt)
* v-part:(T,H,B)=(85.35826pt, 688.55669pt, 71.1319pt)
* \paperwidth=597.50787pt
* \paperheight=845.04684pt
* \textwidth=475.16104pt
* \textheight=688.55669pt
* \oddsidemargin=7.39772pt
* \evensidemargin=-29.59087pt
* \topmargin=-72.26997pt
* \headheight=56.9055pt
* \headsep=28.45274pt
* \topskip=10.0pt
* \footskip=42.67912pt
* \marginparwidth=112.03273pt
* \marginparsep=12.8401pt
* \columnsep=10.0pt
* \skip\footins=9.0pt plus 4.0pt minus 2.0pt
* \hoffset=0.0pt
* \voffset=0.0pt
* \mag=1000
* \@twocolumnfalse
* \@twosidetrue
* \@mparswitchtrue
* \@reversemarginfalse
* (1in=72.27pt=25.4mm, 1cm=28.453pt)

(D:\dev\java\src\LogoJJ\doc\vorspann/titel.tex)
(D:\dev\java\src\LogoJJ\doc\vorspann/version.tex)
(D:\dev\java\src\LogoJJ\doc\vorspann/titelseite_mit_bild.tex
<bilder/BFH_Logo_B.png, id=39, 35.4123pt x 53.9616pt>
File: bilder/BFH_Logo_B.png Graphic file (type png)

<use bilder/BFH_Logo_B.png>
Package pdftex.def Info: bilder/BFH_Logo_B.png used on input line 16.
(pdftex.def)             Requested size: 35.41219pt x 53.96146pt.
 <bilder/title.png, id=41, 301.125pt x 301.125pt>
File: bilder/title.png Graphic file (type png)

<use bilder/title.png>
Package pdftex.def Info: bilder/title.png used on input line 27.
(pdftex.def)             Requested size: 210.78606pt x 210.78606pt.
 [1{C:/ProgramData/MiKTeX/2.9/pdftex/config/pdftex.map}






 <D:/dev/java/src/LogoJJ/doc/bilder/BFH_Logo_B.png> <D:/dev/java/src/LogoJJ/doc
/bilder/title.png>]) (D:\dev\java\src\LogoJJ\doc\template.toc
LaTeX Font Info:    Try loading font information for OML+cmbrm on input line 5.


("C:\Program Files (x86)\MiKTeX 2.9\tex\latex\cmbright\omlcmbrm.fd"
File: omlcmbrm.fd 2005/04/13 v8.1 (WaS)
)
LaTeX Font Info:    Try loading font information for OMS+cmbrs on input line 5.


("C:\Program Files (x86)\MiKTeX 2.9\tex\latex\cmbright\omscmbrs.fd"
File: omscmbrs.fd 2005/04/13 v8.1 (WaS)
)
LaTeX Font Info:    External font `cmex7' loaded for size
(Font)              <7> on input line 5.
LaTeX Font Info:    External font `cmex7' loaded for size
(Font)              <5> on input line 5.
)
\tf@toc=\write7
pdfTeX warning (ext4): destination with the same identifier (name{page.i}) has 
been already used, duplicate ignored
<to be read again> 
                   \relax 
l.176 \clearpage
                 [1



] (D:\dev\java\src\LogoJJ\doc\kapitel/introduction.tex
Kapitel 1.

Class scrreprt Warning: \float@addtolists detected!
(scrreprt)              Implementation of \float@addtolist became
(scrreprt)              deprecated in KOMA-Script v3.01 2008/11/14 and
(scrreprt)              has been replaced by several more flexible
(scrreprt)              features of package `tocbasic`.
(scrreprt)              Since Version 3.12 support for deprecated
(scrreprt)              \float@addtolist interface has been
(scrreprt)              restricted to only some of the KOMA-Script
(scrreprt)              features and been removed from others.
(scrreprt)              Loading of package `scrhack' may help to
(scrreprt)              avoid this warning, if you are using a
(scrreprt)              a package that still implements the
(scrreprt)              deprecated \float@addtolist interface .

LaTeX Font Info:    Try loading font information for TS1+aess on input line 20.

LaTeX Font Info:    No file TS1aess.fd. on input line 20.

LaTeX Font Warning: Font shape `TS1/aess/m/n' undefined
(Font)              using `TS1/cmr/m/n' instead
(Font)              for symbol `textbullet' on input line 20.

[1




] <bilder/grammar.png, id=72, 449.42906pt x 433.62pt>
File: bilder/grammar.png Graphic file (type png)

<use bilder/grammar.png>
Package pdftex.def Info: bilder/grammar.png used on input line 30.
(pdftex.def)             Requested size: 449.42795pt x 433.61894pt.
) [2 <D:/dev/java/src/LogoJJ/doc/bilder/grammar.png>]
(D:\dev\java\src\LogoJJ\doc\kapitel/implementation.tex
Kapitel 2.
) [3




] (D:\dev\java\src\LogoJJ\doc\kapitel/conclusion.tex [4




]
Kapitel 3.
) [5]

Package glossaries Warning: No \printglossary or \printglossaries found.
(Remove \makeglossaries if you don't want any glossaries.)
This document will not have a glossary.

Package atveryend Info: Empty hook `BeforeClearDocument' on input line 245.
Package atveryend Info: Empty hook `AfterLastShipout' on input line 245.
(D:\dev\java\src\LogoJJ\doc\template.aux
(D:\dev\java\src\LogoJJ\doc\vorspann/titelseite_mit_bild.aux)
(D:\dev\java\src\LogoJJ\doc\kapitel/introduction.aux)
(D:\dev\java\src\LogoJJ\doc\kapitel/implementation.aux)
(D:\dev\java\src\LogoJJ\doc\kapitel/conclusion.aux))
Package atveryend Info: Executing hook `AtVeryEndDocument' on input line 245.
Package atveryend Info: Executing hook `AtEndAfterFileList' on input line 245.
Package rerunfilecheck Info: File `template.out' has not changed.
(rerunfilecheck)             Checksum: 07F7824FAEE31C9E2E651949883475C7;491.


LaTeX Font Warning: Some font shapes were not available, defaults substituted.

 ) 
Here is how much of TeX's memory you used:
 15504 strings out of 493921
 243520 string characters out of 3144864
 437806 words of memory out of 3000000
 18391 multiletter control sequences out of 15000+200000
 33759 words of font info for 77 fonts, out of 3000000 for 9000
 841 hyphenation exceptions out of 8191
 57i,11n,52p,1812b,397s stack positions out of 5000i,500n,10000p,200000b,50000s
 <D:\Users\david_000\AppData\Local\MiKTeX\2.9\fonts\pk\ljfour\jknappen\ec\dpi
600\tcrm1000.pk><C:/Program Files (x86)/MiKTeX 2.9/fonts/type1/public/amsfonts/
cm/cmss10.pfb><C:/Program Files (x86)/MiKTeX 2.9/fonts/type1/public/amsfonts/cm
/cmss12.pfb><C:/Program Files (x86)/MiKTeX 2.9/fonts/type1/public/amsfonts/cm/c
mss17.pfb><C:/Program Files (x86)/MiKTeX 2.9/fonts/type1/public/amsfonts/cm/cms
s8.pfb><C:/Program Files (x86)/MiKTeX 2.9/fonts/type1/public/amsfonts/cm/cmss9.
pfb><C:/Program Files (x86)/MiKTeX 2.9/fonts/type1/public/amsfonts/cm/cmssbx10.
pfb><C:/Program Files (x86)/MiKTeX 2.9/fonts/type1/public/amsfonts/cm/cmsy9.pfb
>
Output written on template.pdf (7 pages, 198335 bytes).
PDF statistics:
 124 PDF objects out of 1000 (max. 8388607)
 17 named destinations out of 1000 (max. 500000)
 88 words of extra memory for PDF output out of 10000 (max. 10000000)

